 Found 3 new commits
 
 Building application 'app' (runtime type: php:8.4, tree: 1128361)
   Generating runtime configuration.
   
   Installing build dependencies...
     Installing php build dependencies: composer/composer
     W: Changed current directory to /app/.global/composer/composer
     W: No composer.lock file present. Updating dependencies to latest instead of installing from lock file. See https://getcomposer.org/install for more information.
     W: Loading composer repositories with package information
     W: Updating dependencies
     W: Lock file operations: 30 installs, 0 updates, 0 removals
     W:   - Locking composer/ca-bundle (1.5.6)
     W:   - Locking composer/class-map-generator (1.6.1)
     W:   - Locking composer/composer (2.8.9)
     W:   - Locking composer/metadata-minifier (1.0.0)
     W:   - Locking composer/pcre (3.3.2)
     W:   - Locking composer/semver (3.4.3)
     W:   - Locking composer/spdx-licenses (1.5.9)
     W:   - Locking composer/xdebug-handler (3.0.5)
     W:   - Locking justinrainbow/json-schema (6.4.1)
     W:   - Locking marc-mabe/php-enum (v4.7.1)
     W:   - Locking psr/container (2.0.2)
     W:   - Locking psr/log (3.0.2)
     W:   - Locking react/promise (v3.2.0)
     W:   - Locking seld/jsonlint (1.11.0)
     W:   - Locking seld/phar-utils (1.2.1)
     W:   - Locking seld/signal-handler (2.0.2)
     W:   - Locking symfony/console (v7.2.6)
     W:   - Locking symfony/deprecation-contracts (v3.5.1)
     W:   - Locking symfony/filesystem (v7.2.0)
     W:   - Locking symfony/finder (v7.2.2)
     W:   - Locking symfony/polyfill-ctype (v1.32.0)
     W:   - Locking symfony/polyfill-intl-grapheme (v1.32.0)
     W:   - Locking symfony/polyfill-intl-normalizer (v1.32.0)
     W:   - Locking symfony/polyfill-mbstring (v1.32.0)
     W:   - Locking symfony/polyfill-php73 (v1.32.0)
     W:   - Locking symfony/polyfill-php80 (v1.32.0)
     W:   - Locking symfony/polyfill-php81 (v1.32.0)
     W:   - Locking symfony/process (v7.2.5)
     W:   - Locking symfony/service-contracts (v3.5.1)
     W:   - Locking symfony/string (v7.2.6)
     W: Writing lock file
     W: Installing dependencies from lock file (including require-dev)
     W: Package operations: 30 installs, 0 updates, 0 removals
     W:   - Installing symfony/process (v7.2.5): Extracting archive
     W:   - Installing symfony/polyfill-php81 (v1.32.0): Extracting archive
     W:   - Installing symfony/polyfill-php80 (v1.32.0): Extracting archive
     W:   - Installing symfony/polyfill-php73 (v1.32.0): Extracting archive
     W:   - Installing symfony/finder (v7.2.2): Extracting archive
     W:   - Installing symfony/polyfill-mbstring (v1.32.0): Extracting archive
     W:   - Installing symfony/polyfill-ctype (v1.32.0): Extracting archive
     W:   - Installing symfony/filesystem (v7.2.0): Extracting archive
     W:   - Installing symfony/polyfill-intl-normalizer (v1.32.0): Extracting archive
     W:   - Installing symfony/polyfill-intl-grapheme (v1.32.0): Extracting archive
     W:   - Installing symfony/string (v7.2.6): Extracting archive
     W:   - Installing symfony/deprecation-contracts (v3.5.1): Extracting archive
     W:   - Installing psr/container (2.0.2): Extracting archive
     W:   - Installing symfony/service-contracts (v3.5.1): Extracting archive
     W:   - Installing symfony/console (v7.2.6): Extracting archive
     W:   - Installing seld/signal-handler (2.0.2): Extracting archive
     W:   - Installing seld/phar-utils (1.2.1): Extracting archive
     W:   - Installing seld/jsonlint (1.11.0): Extracting archive
     W:   - Installing react/promise (v3.2.0): Extracting archive
     W:   - Installing psr/log (3.0.2): Extracting archive
     W:   - Installing marc-mabe/php-enum (v4.7.1): Extracting archive
     W:   - Installing justinrainbow/json-schema (6.4.1): Extracting archive
     W:   - Installing composer/pcre (3.3.2): Extracting archive
     W:   - Installing composer/xdebug-handler (3.0.5): Extracting archive
     W:   - Installing composer/spdx-licenses (1.5.9): Extracting archive
     W:   - Installing composer/semver (3.4.3): Extracting archive
     W:   - Installing composer/metadata-minifier (1.0.0): Extracting archive
     W:   - Installing composer/class-map-generator (1.6.1): Extracting archive
     W:   - Installing composer/ca-bundle (1.5.6): Extracting archive
     W:   - Installing composer/composer (2.8.9): Extracting archive
     W: Generating optimized autoload files
     W: 24 packages you are using are looking for funding.
     W: Use the `composer fund` command to find out more!
   
   Executing build hook...
     W: Installing dependencies from lock file
     W: Verifying lock file contents can be installed on current platform.
     W: Package operations: 99 installs, 0 updates, 0 removals
     W:     0 [>---------------------------]
     W:   - Installing symfony/flex (v2.4.7): Extracting archive
     W:   - Installing symfony/runtime (v7.2.0): Extracting archive
     W:   - Installing composer/ca-bundle (1.5.5): Extracting archive
     W:   - Installing blackfire/php-sdk (v1.35.0): Extracting archive
     W:   - Installing blackfireio/blackfire-symfony-meta (v1.0.0)
     W:   - Installing doctrine/cache (2.2.0): Extracting archive
     W:   - Installing symfony/deprecation-contracts (v3.5.1): Extracting archive
     W:   - Installing symfony/routing (v7.2.0): Extracting archive
     W:   - Installing symfony/polyfill-mbstring (v1.31.0): Extracting archive
     W:   - Installing symfony/polyfill-php83 (v1.31.0): Extracting archive
     W:   - Installing symfony/http-foundation (v7.2.2): Extracting archive
     W:   - Installing psr/event-dispatcher (1.0.0): Extracting archive
     W:   - Installing symfony/event-dispatcher-contracts (v3.5.1): Extracting archive
     W:   - Installing symfony/event-dispatcher (v7.2.0): Extracting archive
     W:   - Installing symfony/var-dumper (v7.2.0): Extracting archive
     W:   - Installing psr/log (3.0.2): Extracting archive
     W:   - Installing symfony/error-handler (v7.2.1): Extracting archive
     W:   - Installing symfony/http-kernel (v7.2.2): Extracting archive
     W:   - Installing symfony/finder (v7.2.2): Extracting archive
     W:   - Installing symfony/filesystem (v7.2.0): Extracting archive
     W:   - Installing symfony/var-exporter (v7.2.0): Extracting archive
     W:   - Installing psr/container (2.0.2): Extracting archive
     W:   - Installing symfony/service-contracts (v3.5.1): Extracting archive
     W:   - Installing symfony/dependency-injection (v7.2.0): Extracting archive
     W:   - Installing symfony/config (v7.2.0): Extracting archive
     W:   - Installing psr/cache (3.0.0): Extracting archive
     W:   - Installing symfony/cache-contracts (v3.5.1): Extracting archive
     W:   - Installing symfony/cache (v7.2.1): Extracting archive
     W:   - Installing symfony/framework-bundle (v7.2.2): Extracting archive
     W:   - Installing symfony/stopwatch (v7.2.2): Extracting archive
     W:   - Installing symfony/polyfill-intl-normalizer (v1.31.0): Extracting archive
     W:   - Installing symfony/polyfill-intl-grapheme (v1.31.0): Extracting archive
     W:   - Installing symfony/string (v7.2.0): Extracting archive
     W:   - Installing symfony/console (v7.2.1): Extracting archive
     W:   - Installing doctrine/event-manager (2.0.1): Extracting archive
     W:   - Installing doctrine/deprecations (1.1.4): Extracting archive
     W:   - Installing doctrine/dbal (3.9.3): Extracting archive
     W:   - Installing doctrine/migrations (3.8.2): Extracting archive
     W:   - Installing doctrine/persistence (3.4.0): Extracting archive
     W:   - Installing symfony/doctrine-bridge (v7.2.2): Extracting archive
     W:   - Installing doctrine/sql-formatter (1.5.1): Extracting archive
     W:   - Installing doctrine/doctrine-bundle (2.13.1): Extracting archive
     W:   - Installing doctrine/doctrine-migrations-bundle (3.3.1): Extracting archive
     W:   - Installing doctrine/lexer (3.0.1): Extracting archive
     W:   - Installing doctrine/instantiator (2.0.0): Extracting archive
     W:   - Installing doctrine/inflector (2.0.10): Extracting archive
     W:   - Installing doctrine/collections (2.2.2): Extracting archive
     W:   - Installing doctrine/orm (3.3.1): Extracting archive
     W:   - Installing webmozart/assert (1.11.0): Extracting archive
     W:   - Installing phpstan/phpdoc-parser (2.0.0): Extracting archive
     W:   - Installing phpdocumentor/reflection-common (2.2.0): Extracting archive
     W:   - Installing phpdocumentor/type-resolver (1.10.0): Extracting archive
     W:   - Installing phpdocumentor/reflection-docblock (5.6.1): Extracting archive
     W:   - Installing psr/clock (1.0.0): Extracting archive
     W:   - Installing symfony/asset (v7.2.0): Extracting archive
     W:   - Installing symfony/http-client-contracts (v3.5.2): Extracting archive
     W:   - Installing symfony/http-client (v7.2.2): Extracting archive
     W:   - Installing composer/semver (3.4.3): Extracting archive
     W:   - Installing symfony/asset-mapper (v7.2.0): Extracting archive
     W:   - Installing symfony/clock (v7.2.0): Extracting archive
     W:   - Installing symfony/messenger (v7.2.1): Extracting archive
     W:   - Installing symfony/doctrine-messenger (v7.2.2): Extracting archive
     W:   - Installing symfony/dotenv (v7.2.0): Extracting archive
     W:   - Installing symfony/expression-language (v7.2.0): Extracting archive
     W:   - Installing symfony/type-info (v7.2.2): Extracting archive
     W:   - Installing symfony/property-info (v7.2.2): Extracting archive
     W:   - Installing symfony/property-access (v7.2.0): Extracting archive
     W:   - Installing symfony/polyfill-intl-icu (v1.31.0): Extracting archive
     W:   - Installing symfony/options-resolver (v7.2.0): Extracting archive
     W:   - Installing symfony/form (v7.2.0): Extracting archive
     W:   - Installing symfony/intl (v7.2.0): Extracting archive
     W:   - Installing symfony/polyfill-intl-idn (v1.31.0): Extracting archive
     W:   - Installing symfony/mime (v7.2.1): Extracting archive
     W:   - Installing egulias/email-validator (4.0.3): Extracting archive
     W:   - Installing symfony/mailer (v7.2.0): Extracting archive
     W:   - Installing monolog/monolog (3.8.1): Extracting archive
     W:   - Installing symfony/monolog-bridge (v7.2.0): Extracting archive
     W:   - Installing symfony/monolog-bundle (v3.10.0): Extracting archive
     W:   - Installing symfony/notifier (v7.2.0): Extracting archive
     W:   - Installing symfony/process (v7.2.0): Extracting archive
     W:   - Installing symfony/password-hasher (v7.2.0): Extracting archive
     W:   - Installing symfony/security-core (v7.2.0): Extracting archive
     W:   - Installing symfony/security-http (v7.2.1): Extracting archive
     W:   - Installing symfony/security-csrf (v7.2.2): Extracting archive
     W:   - Installing symfony/security-bundle (v7.2.2): Extracting archive
     W:   - Installing symfony/serializer (v7.2.0): Extracting archive
     W:   - Installing symfony/translation-contracts (v3.5.1): Extracting archive
     W:   - Installing symfony/translation (v7.2.2): Extracting archive
     W:   - Installing twig/twig (v3.18.0): Extracting archive
     W:   - Installing symfony/twig-bridge (v7.2.2): Extracting archive
     W:   - Installing symfony/stimulus-bundle (v2.22.1): Extracting archive
     W:   - Installing symfony/ux-turbo (v2.22.1): Extracting archive
     W:   - Installing symfony/validator (v7.2.2): Extracting archive
     W:   - Installing psr/link (2.0.1): Extracting archive
     W:   - Installing symfony/web-link (v7.2.0): Extracting archive
     W:   - Installing symfony/yaml (v7.2.0): Extracting archive
     W:   - Installing symfonycorp/platformsh-meta (v1.0.0)
     W:   - Installing symfony/twig-bundle (v7.2.0): Extracting archive
     W:   - Installing twig/extra-bundle (v3.18.0): Extracting archive
     W:   0/95 [>---------------------------]   0%
     W:  19/95 [=====>----------------------]  20%
     W:  37/95 [==========>-----------------]  38%
     W:  49/95 [==============>-------------]  51%
     W:  59/95 [=================>----------]  62%
     W:  74/95 [=====================>------]  77%
     W:  80/95 [=======================>----]  84%
     W:  95/95 [============================] 100%
     W: Generating optimized autoload files
     W: 83 packages you are using are looking for funding.
     W: Use the `composer fund` command to find out more!
     W: 
     W: Run composer recipes at any time to see the status of your Symfony recipes.
     W: 
     
      // Clearing the cache for the prod environment with debug false                
     
      [OK] Cache for the "prod" environment (debug=false) was successfully cleared.  
     
     
      // Warming up the cache for the prod environment with debug false              
     
      [OK] Cache for the "prod" environment (debug=false) was successfully warmed.   
     
   
   W: The mount '/app/var/cache' has a path that overlaps with a non-empty folder.
   The content of the non-empty folder either comes from:
    - your git repository (you may have accidentally committed files).
    - or from the build hook.
   Please be aware that this content will not be accessible at runtime.
   
   
   W: The mount '/app/var' has a path that overlaps with a non-empty folder.
   The content of the non-empty folder either comes from:
    - your git repository (you may have accidentally committed files).
    - or from the build hook.
   Please be aware that this content will not be accessible at runtime.
   
   
   Executing pre-flight checks...
 
   Compressing application.
   Beaming package to its final destination.
 
 Provisioning certificates
   Certificates
   - certificate 6c6b859: expiring on 2025-08-19 16:52:34+00:00, covering master-7rqtwti-upwnrcxvepf5q.ca-1.platformsh.site
 
 
 Redeploying environment master
   Preparing deployment
 
   Serving cached content for applications app and app--messenger
   Closing services app and app--messenger
   Updating endpoints for app, app--messenger, and router
   Opening applications app, app--messenger, and their relationships
   Executing deploy hook for application app
     W: {"message":"User Deprecated: Relying on a fallback connection used to determine the database platform while connecting to a non-existing database is deprecated. Either use an existing database name in connection parameters or omit the database name if the platform and the server configuration allow that. (Connection.php:459 called by Connection.php:411, https://github.com/doctrine/dbal/pull/5707, package doctrine/dbal)","context":{"exception":{"class":"ErrorException","message":"User Deprecated: Relying on a fallback connection used to determine the database platform while connecting to a non-existing database is deprecated. Either use an existing database name in connection parameters or omit the database name if the platform and the server configuration allow that. (Connection.php:459 called by Connection.php:411, https://github.com/doctrine/dbal/pull/5707, package doctrine/dbal)","code":0,"file":"/app/vendor/doctrine/deprecations/src/Deprecation.php:208"}},"level":200,"level_name":"INFO","channel":"deprecation","datetime":"2025-05-21T19:19:04.095869+00:00","extra":{}}
     W: {"message":"User Deprecated: Relying on a fallback connection used to determine the database platform while connecting to a non-existing database is deprecated. Either use an existing database name in connection parameters or omit the database name if the platform and the server configuration allow that. (Connection.php:459 called by Connection.php:411, https://github.com/doctrine/dbal/pull/5707, package doctrine/dbal)","context":{"exception":{"class":"ErrorException","message":"User Deprecated: Relying on a fallback connection used to determine the database platform while connecting to a non-existing database is deprecated. Either use an existing database name in connection parameters or omit the database name if the platform and the server configuration allow that. (Connection.php:459 called by Connection.php:411, https://github.com/doctrine/dbal/pull/5707, package doctrine/dbal)","code":0,"file":"/app/vendor/doctrine/deprecations/src/Deprecation.php:208"}},"level":200,"level_name":"INFO","channel":"deprecation","datetime":"2025-05-21T19:19:04.095869+00:00","extra":{}}
     W: {"message":"Error thrown while running command \"doctrine:migrations:migrate --no-interaction --allow-no-migration\". Message: \"An exception occurred in the driver: SQLSTATE[HY000] [2002] No such file or directory\"","context":{"exception":{"class":"Doctrine\\DBAL\\Exception\\ConnectionException","message":"An exception occurred in the driver: SQLSTATE[HY000] [2002] No such file or directory","code":2002,"file":"/app/vendor/doctrine/dbal/src/Driver/API/MySQL/ExceptionConverter.php:101","previous":{"class":"Doctrine\\DBAL\\Driver\\PDO\\Exception","message":"SQLSTATE[HY000] [2002] No such file or directory","code":2002,"file":"/app/vendor/doctrine/dbal/src/Driver/PDO/Exception.php:28","previous":{"class":"PDOException","message":"SQLSTATE[HY000] [2002] No such file or directory","code":2002,"file":"/app/vendor/doctrine/dbal/src/Driver/PDO/MySQL/Driver.php:33"}}},"command":"doctrine:migrations:migrate --no-interaction --allow-no-migration","message":"An exception occurred in the driver: SQLSTATE[HY000] [2002] No such file or directory"},"level":500,"level_name":"CRITICAL","channel":"console","datetime":"2025-05-21T19:19:04.098116+00:00","extra":{}}
     W: 19:19:04 CRITICAL  [console] Error thrown while running command "doctrine:migrations:migrate --no-interaction --allow-no-migration". Message: "An exception occurred in the driver: SQLSTATE[HY000] [2002] No such file or directory" ["exception" => Doctrine\DBAL\Exception\ConnectionException { …},"command" => "doctrine:migrations:migrate --no-interaction --allow-no-migration","message" => "An exception occurred in the driver: SQLSTATE[HY000] [2002] No such file or directory"]
     W: {"message":"Command \"doctrine:migrations:migrate --no-interaction --allow-no-migration\" exited with code \"2002\"","context":{"command":"doctrine:migrations:migrate --no-interaction --allow-no-migration","code":2002},"level":100,"level_name":"DEBUG","channel":"console","datetime":"2025-05-21T19:19:04.114082+00:00","extra":{}}
     W: 
     W: In ExceptionConverter.php line 101:
     W:                                                                                
     W:   An exception occurred in the driver: SQLSTATE[HY000] [2002] No such file or  
     W:    directory                                                                   
     W:                                                                                
     W: 
     W: In Exception.php line 28:
     W:                                                     
     W:   SQLSTATE[HY000] [2002] No such file or directory  
     W:                                                     
     W: 
     W: In Driver.php line 33:
     W:                                                     
     W:   SQLSTATE[HY000] [2002] No such file or directory  
     W:                                                     
     W: 
     W: doctrine:migrations:migrate [--write-sql [WRITE-SQL]] [--dry-run] [--query-time] [--allow-no-migration] [--all-or-nothing [ALL-OR-NOTHING]] [--no-all-or-nothing] [--configuration CONFIGURATION] [--em EM] [--conn CONN] [--] [<version>]
     W: 
 
   Opening environment
   Environment configuration
     app (type: php:8.4, size: S, disk: 1024)
     app--messenger (type: php:8.4, size: S, cpu: 0.5, memory: 128, disk: 1024)
     database (type: postgresql:16, size: S, disk: 1024)
 
   Environment routes
     http://master-7rqtwti-upwnrcxvepf5q.ca-1.platformsh.site/ redirects to https://master-7rqtwti-upwnrcxvepf5q.ca-1.platformsh.site/
     https://master-7rqtwti-upwnrcxvepf5q.ca-1.platformsh.site/ is served by application `app`
 
